[debug] [2023-03-28T11:55:51.013Z] ----------------------------------------------------------------------
[debug] [2023-03-28T11:55:51.014Z] Command:       C:\Program Files\nodejs\node.exe C:\Users\Andrew\AppData\Roaming\npm\node_modules\firebase-tools\lib\bin\firebase.js deploy --only functions
[debug] [2023-03-28T11:55:51.015Z] CLI Version:   11.24.0
[debug] [2023-03-28T11:55:51.015Z] Platform:      win32
[debug] [2023-03-28T11:55:51.015Z] Node Version:  v18.14.0
[debug] [2023-03-28T11:55:51.016Z] Time:          Tue Mar 28 2023 19:55:51 GMT+0800 (Singapore Standard Time)
[debug] [2023-03-28T11:55:51.016Z] ----------------------------------------------------------------------
[debug] 
[debug] [2023-03-28T11:55:51.065Z] > command requires scopes: ["email","openid","https://www.googleapis.com/auth/cloudplatformprojects.readonly","https://www.googleapis.com/auth/firebase","https://www.googleapis.com/auth/cloud-platform"]
[debug] [2023-03-28T11:55:51.066Z] > authorizing via signed-in user (andrewoaksoekhant@gmail.com)
[debug] [2023-03-28T11:55:51.066Z] [iam] checking project jobquest-d9d5b for permissions ["cloudfunctions.functions.create","cloudfunctions.functions.delete","cloudfunctions.functions.get","cloudfunctions.functions.list","cloudfunctions.functions.update","cloudfunctions.operations.get","firebase.projects.get"]
[debug] [2023-03-28T11:55:51.067Z] >>> [apiv2][query] POST https://cloudresourcemanager.googleapis.com/v1/projects/jobquest-d9d5b:testIamPermissions [none]
[debug] [2023-03-28T11:55:51.068Z] >>> [apiv2][(partial)header] POST https://cloudresourcemanager.googleapis.com/v1/projects/jobquest-d9d5b:testIamPermissions x-goog-quota-user=projects/jobquest-d9d5b
[debug] [2023-03-28T11:55:51.068Z] >>> [apiv2][body] POST https://cloudresourcemanager.googleapis.com/v1/projects/jobquest-d9d5b:testIamPermissions {"permissions":["cloudfunctions.functions.create","cloudfunctions.functions.delete","cloudfunctions.functions.get","cloudfunctions.functions.list","cloudfunctions.functions.update","cloudfunctions.operations.get","firebase.projects.get"]}
[debug] [2023-03-28T11:55:52.100Z] <<< [apiv2][status] POST https://cloudresourcemanager.googleapis.com/v1/projects/jobquest-d9d5b:testIamPermissions 200
[debug] [2023-03-28T11:55:52.100Z] <<< [apiv2][body] POST https://cloudresourcemanager.googleapis.com/v1/projects/jobquest-d9d5b:testIamPermissions {"permissions":["cloudfunctions.functions.create","cloudfunctions.functions.delete","cloudfunctions.functions.get","cloudfunctions.functions.list","cloudfunctions.functions.update","cloudfunctions.operations.get","firebase.projects.get"]}
[debug] [2023-03-28T11:55:52.101Z] >>> [apiv2][query] POST https://iam.googleapis.com/v1/projects/jobquest-d9d5b/serviceAccounts/jobquest-d9d5b@appspot.gserviceaccount.com:testIamPermissions [none]
[debug] [2023-03-28T11:55:52.101Z] >>> [apiv2][body] POST https://iam.googleapis.com/v1/projects/jobquest-d9d5b/serviceAccounts/jobquest-d9d5b@appspot.gserviceaccount.com:testIamPermissions {"permissions":["iam.serviceAccounts.actAs"]}
[debug] [2023-03-28T11:55:53.109Z] <<< [apiv2][status] POST https://iam.googleapis.com/v1/projects/jobquest-d9d5b/serviceAccounts/jobquest-d9d5b@appspot.gserviceaccount.com:testIamPermissions 200
[debug] [2023-03-28T11:55:53.109Z] <<< [apiv2][body] POST https://iam.googleapis.com/v1/projects/jobquest-d9d5b/serviceAccounts/jobquest-d9d5b@appspot.gserviceaccount.com:testIamPermissions {"permissions":["iam.serviceAccounts.actAs"]}
[info] 
[info] === Deploying to 'jobquest-d9d5b'...
[info] 
[info] i  deploying functions 
[debug] [2023-03-28T11:55:53.112Z] >>> [apiv2][query] GET https://firebase.googleapis.com/v1beta1/projects/jobquest-d9d5b [none]
[debug] [2023-03-28T11:55:53.436Z] <<< [apiv2][status] GET https://firebase.googleapis.com/v1beta1/projects/jobquest-d9d5b 200
[debug] [2023-03-28T11:55:53.437Z] <<< [apiv2][body] GET https://firebase.googleapis.com/v1beta1/projects/jobquest-d9d5b {"projectId":"jobquest-d9d5b","projectNumber":"551305935673","displayName":"jobquest","name":"projects/jobquest-d9d5b","resources":{"hostingSite":"jobquest-d9d5b"},"state":"ACTIVE","etag":"1_cb47ef88-8c31-4950-9bea-50c4f13086b2"}
[info] i  functions: preparing codebase default for deployment 
[info] i  functions: ensuring required API cloudfunctions.googleapis.com is enabled... 
[info] i  functions: ensuring required API cloudbuild.googleapis.com is enabled... 
[info] i  artifactregistry: ensuring required API artifactregistry.googleapis.com is enabled... 
[debug] [2023-03-28T11:55:53.438Z] >>> [apiv2][query] GET https://serviceusage.googleapis.com/v1/projects/jobquest-d9d5b/services/cloudfunctions.googleapis.com [none]
[debug] [2023-03-28T11:55:53.438Z] >>> [apiv2][(partial)header] GET https://serviceusage.googleapis.com/v1/projects/jobquest-d9d5b/services/cloudfunctions.googleapis.com x-goog-quota-user=projects/jobquest-d9d5b
[debug] [2023-03-28T11:55:53.439Z] >>> [apiv2][query] GET https://serviceusage.googleapis.com/v1/projects/jobquest-d9d5b/services/runtimeconfig.googleapis.com [none]
[debug] [2023-03-28T11:55:53.439Z] >>> [apiv2][(partial)header] GET https://serviceusage.googleapis.com/v1/projects/jobquest-d9d5b/services/runtimeconfig.googleapis.com x-goog-quota-user=projects/jobquest-d9d5b
[debug] [2023-03-28T11:55:53.440Z] >>> [apiv2][query] GET https://serviceusage.googleapis.com/v1/projects/jobquest-d9d5b/services/cloudbuild.googleapis.com [none]
[debug] [2023-03-28T11:55:53.440Z] >>> [apiv2][(partial)header] GET https://serviceusage.googleapis.com/v1/projects/jobquest-d9d5b/services/cloudbuild.googleapis.com x-goog-quota-user=projects/jobquest-d9d5b
[debug] [2023-03-28T11:55:53.441Z] >>> [apiv2][query] GET https://serviceusage.googleapis.com/v1/projects/jobquest-d9d5b/services/artifactregistry.googleapis.com [none]
[debug] [2023-03-28T11:55:53.441Z] >>> [apiv2][(partial)header] GET https://serviceusage.googleapis.com/v1/projects/jobquest-d9d5b/services/artifactregistry.googleapis.com x-goog-quota-user=projects/jobquest-d9d5b
[debug] [2023-03-28T11:55:54.871Z] <<< [apiv2][status] GET https://serviceusage.googleapis.com/v1/projects/jobquest-d9d5b/services/artifactregistry.googleapis.com 200
[debug] [2023-03-28T11:55:54.871Z] <<< [apiv2][body] GET https://serviceusage.googleapis.com/v1/projects/jobquest-d9d5b/services/artifactregistry.googleapis.com [omitted]
[info] +  artifactregistry: required API artifactregistry.googleapis.com is enabled 
[debug] [2023-03-28T11:55:54.876Z] <<< [apiv2][status] GET https://serviceusage.googleapis.com/v1/projects/jobquest-d9d5b/services/cloudfunctions.googleapis.com 200
[debug] [2023-03-28T11:55:54.876Z] <<< [apiv2][body] GET https://serviceusage.googleapis.com/v1/projects/jobquest-d9d5b/services/cloudfunctions.googleapis.com [omitted]
[info] +  functions: required API cloudfunctions.googleapis.com is enabled 
[debug] [2023-03-28T11:55:54.895Z] <<< [apiv2][status] GET https://serviceusage.googleapis.com/v1/projects/jobquest-d9d5b/services/cloudbuild.googleapis.com 200
[debug] [2023-03-28T11:55:54.895Z] <<< [apiv2][body] GET https://serviceusage.googleapis.com/v1/projects/jobquest-d9d5b/services/cloudbuild.googleapis.com [omitted]
[info] +  functions: required API cloudbuild.googleapis.com is enabled 
[debug] [2023-03-28T11:55:54.905Z] <<< [apiv2][status] GET https://serviceusage.googleapis.com/v1/projects/jobquest-d9d5b/services/runtimeconfig.googleapis.com 200
[debug] [2023-03-28T11:55:54.905Z] <<< [apiv2][body] GET https://serviceusage.googleapis.com/v1/projects/jobquest-d9d5b/services/runtimeconfig.googleapis.com [omitted]
[debug] [2023-03-28T11:55:54.905Z] >>> [apiv2][query] GET https://firebase.googleapis.com/v1beta1/projects/jobquest-d9d5b/adminSdkConfig [none]
[debug] [2023-03-28T11:55:55.408Z] <<< [apiv2][status] GET https://firebase.googleapis.com/v1beta1/projects/jobquest-d9d5b/adminSdkConfig 200
[debug] [2023-03-28T11:55:55.408Z] <<< [apiv2][body] GET https://firebase.googleapis.com/v1beta1/projects/jobquest-d9d5b/adminSdkConfig {"projectId":"jobquest-d9d5b","storageBucket":"jobquest-d9d5b.appspot.com"}
[debug] [2023-03-28T11:55:55.408Z] >>> [apiv2][query] GET https://runtimeconfig.googleapis.com/v1beta1/projects/jobquest-d9d5b/configs [none]
[debug] [2023-03-28T11:55:55.702Z] <<< [apiv2][status] GET https://runtimeconfig.googleapis.com/v1beta1/projects/jobquest-d9d5b/configs 200
[debug] [2023-03-28T11:55:55.702Z] <<< [apiv2][body] GET https://runtimeconfig.googleapis.com/v1beta1/projects/jobquest-d9d5b/configs {}
[debug] [2023-03-28T11:55:55.703Z] Validating nodejs source
[debug] [2023-03-28T11:55:56.871Z] > [functions] package.json contents: {
  "name": "functions",
  "description": "Cloud Functions for Firebase",
  "scripts": {
    "serve": "firebase emulators:start --only functions",
    "shell": "firebase functions:shell",
    "start": "npm run shell",
    "deploy": "firebase deploy --only functions",
    "logs": "firebase functions:log"
  },
  "engines": {
    "node": "16"
  },
  "main": "index.js",
  "dependencies": {
    "firebase-admin": "^11.5.0",
    "firebase-functions": "^4.2.1"
  },
  "devDependencies": {
    "firebase-functions-test": "^3.0.0"
  },
  "private": true
}
[debug] [2023-03-28T11:55:56.871Z] Building nodejs source
[debug] [2023-03-28T11:55:56.871Z] Could not find functions.yaml. Must use http discovery
[debug] [2023-03-28T11:55:56.877Z] Found firebase-functions binary at 'C:\Users\Andrew\Documents\GitHub\JobQuest\jobquest\node_modules\.bin\firebase-functions'
[debug] [2023-03-28T11:55:56.980Z] FetchError: request to http://localhost:8517/__/quitquitquit failed, reason: connect ECONNREFUSED ::1:8517
    at ClientRequest.<anonymous> (C:\Users\Andrew\AppData\Roaming\npm\node_modules\firebase-tools\node_modules\node-fetch\lib\index.js:1491:11)
    at ClientRequest.emit (node:events:513:28)
    at ClientRequest.emit (node:domain:489:12)
    at Socket.socketErrorListener (node:_http_client:502:9)
    at Socket.emit (node:events:513:28)
    at Socket.emit (node:domain:489:12)
    at emitErrorNT (node:internal/streams/destroy:151:8)
    at emitErrorCloseNT (node:internal/streams/destroy:116:3)
    at process.processTicksAndRejections (node:internal/process/task_queues:82:21)
[error] 
[error] Error: An unexpected error has occurred.
[debug] [2023-03-28T11:55:57.028Z] Serving at port 8517

